info it worked if it ends with ok
verbose cli [ 'node', '/usr/local/bin/npm', 'install', 'node-stringprep' ]
info using npm@1.1.12
info using node@v0.6.14
verbose config file /home/irpagnossin/.npmrc
verbose config file /usr/local/etc/npmrc
verbose config file /usr/local/lib/node_modules/npm/npmrc
verbose caching /home/irpagnossin/repositories/programming/NodeJS/gtalk_robot/node_modules/request/package.json
verbose caching /home/irpagnossin/repositories/programming/NodeJS/gtalk_robot/node_modules/path/package.json
verbose caching /home/irpagnossin/repositories/programming/NodeJS/gtalk_robot/node_modules/node-xmpp/package.json
verbose cache add [ 'node-stringprep', null ]
silly cache add: name, spec, args [ undefined, 'node-stringprep', [ 'node-stringprep', null ] ]
verbose parsed url { pathname: 'node-stringprep',
verbose parsed url   path: 'node-stringprep',
verbose parsed url   href: 'node-stringprep' }
verbose addNamed [ 'node-stringprep', '' ]
verbose addNamed [ null, '' ]
silly name, range, hasData [ 'node-stringprep', '', false ]
verbose raw, before any munging node-stringprep
verbose url resolving [ 'https://registry.npmjs.org/', './node-stringprep' ]
verbose url resolved https://registry.npmjs.org/node-stringprep
http GET https://registry.npmjs.org/node-stringprep
http 200 https://registry.npmjs.org/node-stringprep
silly get cb [ 200,
silly get cb   { vary: 'Accept',
silly get cb     server: 'CouchDB/1.2.0 (Erlang OTP/R15B)',
silly get cb     etag: '"DM6EDY9XOBW9V3D3K0F13U36U"',
silly get cb     date: 'Sat, 21 Apr 2012 01:57:56 GMT',
silly get cb     'content-type': 'application/json',
silly get cb     'content-length': '9149' } ]
verbose mkdir (expected) error ENOENT, stat '/home/irpagnossin/.npm/node-stringprep'
verbose mkdir done: /home/irpagnossin/.npm/node-stringprep 755
silly name, range, hasData 2 [ 'node-stringprep', '', true ]
silly versions [ 'node-stringprep',
silly versions   [ '0.0.2',
silly versions     '0.0.3',
silly versions     '0.0.4',
silly versions     '0.0.5',
silly versions     '0.1.0',
silly versions     '0.1.1',
silly versions     '0.1.2',
silly versions     '0.1.3',
silly versions     '0.1.4' ] ]
verbose bin dist [ '0.6-ares1.7.5-DEV-evundefined-openssl1.0.0e-v83.6.6.24-linux-ia32-3.0.0-17-generic',
verbose bin dist   { shasum: '97ba8a789cefdbee10741e38839c943d527dbb3d',
verbose bin dist     tarball: 'http://registry.npmjs.org/node-stringprep/-/node-stringprep-0.1.4.tgz' } ]
verbose addRemoteTarball [ 'https://registry.npmjs.org/node-stringprep/-/node-stringprep-0.1.4.tgz',
verbose addRemoteTarball   '97ba8a789cefdbee10741e38839c943d527dbb3d' ]
verbose mkdir (expected) error ENOENT, stat '/tmp/npm-1334973476729'
verbose mkdir (expected) error ENOENT, stat '/tmp/npm-1334973476729/1334973476729-0.9793227158952504'
verbose mkdir done: /tmp/npm-1334973476729/1334973476729-0.9793227158952504 755
verbose fetch to /tmp/npm-1334973476729/1334973476729-0.9793227158952504/tmp.tgz
http GET https://registry.npmjs.org/node-stringprep/-/node-stringprep-0.1.4.tgz
http 200 https://registry.npmjs.org/node-stringprep/-/node-stringprep-0.1.4.tgz
silly updated sha bytes 4026
info shasum 97ba8a789cefdbee10741e38839c943d527dbb3d
info shasum /tmp/npm-1334973476729/1334973476729-0.9793227158952504/tmp.tgz
verbose mkdir (expected) error ENOENT, stat '/tmp/npm-1334973476729/1334973476729-0.9793227158952504/package'
verbose mkdir done: /tmp/npm-1334973476729/1334973476729-0.9793227158952504/package 755
verbose unpack_ uid, gid [ undefined, undefined ]
verbose unpackTarget /tmp/npm-1334973476729/1334973476729-0.9793227158952504/package
silly gunzTarPerm modes [ '755', '644' ]
verbose gunzed /tmp/npm-1334973476729/1334973476729-0.9793227158952504/package
verbose has wscript [ undefined,
verbose has wscript   { file: '/tmp/npm-1334973476729/1334973476729-0.9793227158952504/package/package.json',
verbose has wscript     gypfile: false,
verbose has wscript     contributors: false,
verbose has wscript     serverjs: false,
verbose has wscript     wscript: true } ]
verbose caching /tmp/npm-1334973476729/1334973476729-0.9793227158952504/package/package.json
verbose loadDefaults node-stringprep@0.1.4
verbose tarball contents [ 'package', 'tmp.tgz' ]
verbose from cache /tmp/npm-1334973476729/1334973476729-0.9793227158952504/package/package.json
verbose pack /tmp/npm-1334973476729/1334973476729-0.9793227158952504/package
verbose pack /tmp/npm-1334973476729/1334973476729-0.9793227158952504/package /home/irpagnossin/.npm/node-stringprep/0.1.4/package.tgz
silly makeList /tmp/npm-1334973476729/1334973476729-0.9793227158952504/package
silly dir, dirLen [ '/tmp/npm-1334973476729/1334973476729-0.9793227158952504/package',
silly dir, dirLen   64 ]
verbose tarball /home/irpagnossin/.npm/node-stringprep/0.1.4/package.tgz
verbose parent /tmp/npm-1334973476729/1334973476729-0.9793227158952504/package
verbose mkdir (expected) error ENOENT, stat '/home/irpagnossin/.npm/node-stringprep/0.1.4/package'
verbose mkdir done: /home/irpagnossin/.npm/node-stringprep/0.1.4/package 755
verbose unpack_ uid, gid [ undefined, undefined ]
verbose unpackTarget /home/irpagnossin/.npm/node-stringprep/0.1.4/package
silly gunzTarPerm modes [ '755', '644' ]
verbose gunzed /home/irpagnossin/.npm/node-stringprep/0.1.4/package
verbose has wscript [ undefined,
verbose has wscript   { file: '/home/irpagnossin/.npm/node-stringprep/0.1.4/package/package.json',
verbose has wscript     gypfile: false,
verbose has wscript     contributors: false,
verbose has wscript     serverjs: false,
verbose has wscript     wscript: true } ]
verbose caching /home/irpagnossin/.npm/node-stringprep/0.1.4/package/package.json
verbose loadDefaults node-stringprep@0.1.4
silly updated sha bytes 4019
info shasum 582fc9a753e8b3f3a4dfd5c19d2fe1fd8228eb74
info shasum /home/irpagnossin/.npm/node-stringprep/0.1.4/package.tgz
verbose from cache /home/irpagnossin/.npm/node-stringprep/0.1.4/package/package.json
verbose chmod /home/irpagnossin/.npm/node-stringprep/0.1.4/package.tgz 644
verbose chown [ '/home/irpagnossin/.npm/node-stringprep/0.1.4/package.tgz',
verbose chown   1000,
verbose chown   1000 ]
silly resolved [ { name: 'node-stringprep',
silly resolved     version: '0.1.4',
silly resolved     main: './build/default/node-stringprep',
silly resolved     description: 'ICU StringPrep profiles',
silly resolved     keywords: [ 'unicode', 'stringprep', 'icu' ],
silly resolved     scripts: { install: 'sh ./install.sh' },
silly resolved     dependencies: {},
silly resolved     devDependencies: {},
silly resolved     repository: 
silly resolved      { type: 'git',
silly resolved        path: 'git://github.com/astro/node-stringprep.git',
silly resolved        url: '' },
silly resolved     homepage: 'http://github.com/astro/node-stringprep',
silly resolved     bugs: { name: 'http://github.com/astro/node-stringprep/issues' },
silly resolved     author: 
silly resolved      { name: 'Astro',
silly resolved        email: 'astro@spaceboyz.net',
silly resolved        url: 'http://spaceboyz.net/~astro/' },
silly resolved     licenses: [ { type: 'MIT' } ],
silly resolved     engines: { node: '>=0.4' },
silly resolved     _id: 'node-stringprep@0.1.4',
silly resolved     optionalDependencies: {},
silly resolved     _engineSupported: true,
silly resolved     _npmVersion: '1.1.12',
silly resolved     _nodeVersion: 'v0.6.14',
silly resolved     _defaultsLoaded: true,
silly resolved     dist: { shasum: '582fc9a753e8b3f3a4dfd5c19d2fe1fd8228eb74' },
silly resolved     _from: 'node-stringprep' } ]
info into /home/irpagnossin/repositories/programming/NodeJS/gtalk_robot node-stringprep@0.1.4
info installOne node-stringprep@0.1.4
verbose from cache /home/irpagnossin/.npm/node-stringprep/0.1.4/package/package.json
info unbuild /home/irpagnossin/repositories/programming/NodeJS/gtalk_robot/node_modules/node-stringprep
verbose mkdir (expected) error ENOENT, stat '/home/irpagnossin/repositories/programming/NodeJS/gtalk_robot/node_modules/node-stringprep'
verbose mkdir done: /home/irpagnossin/repositories/programming/NodeJS/gtalk_robot/node_modules/node-stringprep 755
verbose unpack_ uid, gid [ undefined, undefined ]
verbose unpackTarget /home/irpagnossin/repositories/programming/NodeJS/gtalk_robot/node_modules/node-stringprep
silly gunzTarPerm modes [ '755', '644' ]
verbose gunzed /home/irpagnossin/repositories/programming/NodeJS/gtalk_robot/node_modules/node-stringprep
verbose has wscript [ undefined,
verbose has wscript   { file: '/home/irpagnossin/repositories/programming/NodeJS/gtalk_robot/node_modules/node-stringprep/package.json',
verbose has wscript     gypfile: false,
verbose has wscript     contributors: false,
verbose has wscript     serverjs: false,
verbose has wscript     wscript: true } ]
verbose caching /home/irpagnossin/repositories/programming/NodeJS/gtalk_robot/node_modules/node-stringprep/package.json
verbose loadDefaults node-stringprep@0.1.4
info preinstall node-stringprep@0.1.4
verbose from cache /home/irpagnossin/repositories/programming/NodeJS/gtalk_robot/node_modules/node-stringprep/package.json
verbose readDependencies: using package.json deps
verbose from cache /home/irpagnossin/repositories/programming/NodeJS/gtalk_robot/node_modules/node-stringprep/package.json
verbose readDependencies: using package.json deps
silly resolved []
verbose about to build /home/irpagnossin/repositories/programming/NodeJS/gtalk_robot/node_modules/node-stringprep
info build /home/irpagnossin/repositories/programming/NodeJS/gtalk_robot/node_modules/node-stringprep
verbose from cache /home/irpagnossin/repositories/programming/NodeJS/gtalk_robot/node_modules/node-stringprep/package.json
verbose linkStuff [ false,
verbose linkStuff   false,
verbose linkStuff   false,
verbose linkStuff   '/home/irpagnossin/repositories/programming/NodeJS/gtalk_robot/node_modules' ]
info linkStuff node-stringprep@0.1.4
verbose linkBins node-stringprep@0.1.4
verbose linkMans node-stringprep@0.1.4
verbose rebuildBundles node-stringprep@0.1.4
info install node-stringprep@0.1.4
verbose unsafe-perm in lifecycle true
silly exec sh "-c" "sh ./install.sh"
silly spawning [ 'sh',
silly spawning   [ '-c', 'sh ./install.sh' ],
silly spawning   '/home/irpagnossin/repositories/programming/NodeJS/gtalk_robot/node_modules/node-stringprep' ]
info node-stringprep@0.1.4 Failed to exec install script
info unbuild /home/irpagnossin/repositories/programming/NodeJS/gtalk_robot/node_modules/node-stringprep
verbose from cache /home/irpagnossin/repositories/programming/NodeJS/gtalk_robot/node_modules/node-stringprep/package.json
info preuninstall node-stringprep@0.1.4
info uninstall node-stringprep@0.1.4
verbose unbuild node-stringprep@0.1.4 [ true,
verbose unbuild node-stringprep@0.1.4   '/home/irpagnossin/repositories/programming/NodeJS/gtalk_robot/node_modules',
verbose unbuild node-stringprep@0.1.4   '/home/irpagnossin/repositories/programming/NodeJS/gtalk_robot/node_modules' ]
info postuninstall node-stringprep@0.1.4
ERR! node-stringprep@0.1.4 install: `sh ./install.sh`
ERR! `sh "-c" "sh ./install.sh"` failed with 1
ERR! 
ERR! Failed at the node-stringprep@0.1.4 install script.
ERR! This is most likely a problem with the node-stringprep package,
ERR! not with npm itself.
ERR! Tell the author that this fails on your system:
ERR!     sh ./install.sh
ERR! You can get their info via:
ERR!     npm owner ls node-stringprep
ERR! There is likely additional logging output above.
ERR! 
ERR! System Linux 3.0.0-17-generic
ERR! command "node" "/usr/local/bin/npm" "install" "node-stringprep"
ERR! cwd /home/irpagnossin/repositories/programming/NodeJS/gtalk_robot
ERR! node -v v0.6.14
ERR! npm -v 1.1.12
ERR! code ELIFECYCLE
ERR! message node-stringprep@0.1.4 install: `sh ./install.sh`
ERR! message `sh "-c" "sh ./install.sh"` failed with 1
ERR! errno {}
verbose exit [ 1, true ]
